<?xml version="1.0" encoding="UTF-8"?>
<testng-results ignored="0" total="1" passed="1" failed="0" skipped="0">
  <reporter-output>
  </reporter-output>
  <suite started-at="2023-07-31T17:18:27 EDT" name="Default suite" finished-at="2023-07-31T17:18:38 EDT" duration-ms="10352">
    <groups>
    </groups>
    <test started-at="2023-07-31T17:18:27 EDT" name="Default test" finished-at="2023-07-31T17:18:38 EDT" duration-ms="10352">
      <class name="AndroidIOSTesting.Appium.DragAndDropPractice">
        <test-method is-config="true" signature="startServer()[pri:0, instance:AndroidIOSTesting.Appium.DragAndDropPractice@51399530]" started-at="2023-07-31T17:18:27 EDT" name="startServer" finished-at="2023-07-31T17:18:33 EDT" duration-ms="5101" status="PASS">
          <reporter-output>
          </reporter-output>
        </test-method> <!-- startServer -->
        <test-method signature="testDragAndDrop()[pri:0, instance:AndroidIOSTesting.Appium.DragAndDropPractice@51399530]" started-at="2023-07-31T17:18:33 EDT" name="testDragAndDrop" finished-at="2023-07-31T17:18:37 EDT" duration-ms="4950" status="PASS">
          <reporter-output>
          </reporter-output>
        </test-method> <!-- testDragAndDrop -->
        <test-method is-config="true" signature="stopServer()[pri:0, instance:AndroidIOSTesting.Appium.DragAndDropPractice@51399530]" started-at="2023-07-31T17:18:37 EDT" name="stopServer" finished-at="2023-07-31T17:18:38 EDT" duration-ms="277" status="PASS">
          <reporter-output>
          </reporter-output>
        </test-method> <!-- stopServer -->
      </class> <!-- AndroidIOSTesting.Appium.DragAndDropPractice -->
    </test> <!-- Default test -->
  </suite> <!-- Default suite -->
</testng-results>
